<?xml version="1.0" encoding="UTF-8"?>
<!-- Generated by org.testng.reporters.JUnitXMLReporter -->
<testsuite hostname="RakSan-HP32" ignored="0" name="FREECRMTestcases" tests="6" failures="0" timestamp="07 Jun 2018 06:59:56 GMT" time="266.898" errors="0">
  <testcase name="loginPageTitleTest" time="3.027" classname="com.crm.qa.testcases.LoginPageTest"/>
  <testcase name="VerifyHomePageTitle" time="0.026" classname="com.crm.qa.testcases.HomePageTest"/>
  <testcase name="CRMLogoImageTest" time="0.08" classname="com.crm.qa.testcases.LoginPageTest"/>
  <testcase name="verifyusernametest" time="0.143" classname="com.crm.qa.testcases.HomePageTest"/>
  <testcase name="LoginTest" time="13.079" classname="com.crm.qa.testcases.LoginPageTest"/>
  <testcase name="VerifyContactsLinkTest" time="0.405" classname="com.crm.qa.testcases.HomePageTest"/>
</testsuite> <!-- FREECRMTestcases -->
